###############################################################################
#                                                                             #
#     IAR Assembler V7.20.1.7305/W32 for ARM 16/Feb/2022  12:37:37            #
#     Copyright 1999-2014 IAR Systems AB.                                     #
#                                                                             #
#           Source file   =  C:\FK\FKLibray-STM32L151_1110111\FKLibray-STM32L151\STM32\CMSIS\Device\ST\STM32L1xx\Source\Templates\iar\startup_stm32l1xx_xl.s#
#           List file     =  C:\FK\FKLibray-STM32L151_1110111\FKLibray-STM32L151\Debug\List\startup_stm32l1xx_xl.lst#
#           Object file   =  C:\FK\FKLibray-STM32L151_1110111\FKLibray-STM32L151\Debug\Obj\startup_stm32l1xx_xl.o#
#           Command line  =  C:\FK\FKLibray-STM32L151_1110111\FKLibray-STM32L151\STM32\CMSIS\Device\ST\STM32L1xx\Source\Templates\iar\startup_stm32l1xx_xl.s #
#                            -OC:\FK\FKLibray-STM32L151_1110111\FKLibray-STM32L151\Debug\Obj\ #
#                            -s+ -M<> -w+ -r                                  #
#                            -LC:\FK\FKLibray-STM32L151_1110111\FKLibray-STM32L151\Debug\List\ #
#                            -t8 --cpu Cortex-M3 --fpu None                   #
#                                                                             #
###############################################################################

    1                           ;/******************** (C) COPYRIGHT 2014
                                 STMicroelectronics ********************
    2                           ;* File Name          : startup_stm32l1xx_xl.s
    3                           ;* Author             : MCD Application
                                 Team
    4                           ;* Version            : V1.3.2
    5                           ;* Date               : 10-April-2014
    6                           ;* Description        : STM32L1xx Ultra Low
                                 Power XL-density Devices vector 
    7                           ;*                      table for EWARM
                                 toolchain.
    8                           ;*                      This module performs:
    9                           ;*                      - Set the initial
                                 SP
   10                           ;*                      - Set the initial PC
                                 == __iar_program_start,
   11                           ;*                      - Set the vector table
                                 entries with the exceptions ISR 
   12                           ;*                        address.
   13                           ;*                      After Reset the
                                 Cortex-M3 processor is in Thread mode,
   14                           ;*                      priority is Privileged
                                , and the Stack is set to Main.
   15                           ;*********************************************
                                ***********************************
   16                           ;* 
   17                           ;* Licensed under MCD-ST Liberty SW License
                                 Agreement V2, (the "License");
   18                           ;* You may not use this file except in
                                 compliance with the License.
   19                           ;* You may obtain a copy of the License
                                 at:
   20                           ;* 
   21                           ;*        http://www.st.com/software_license_a
                                greement_liberty_v2
   22                           ;* 
   23                           ;* Unless required by applicable law or agreed
                                 to in writing, software 
   24                           ;* distributed under the License is distribute
                                d on an "AS IS" BASIS, 
   25                           ;* WITHOUT WARRANTIES OR CONDITIONS OF ANY
                                 KIND, either express or implied.
   26                           ;* See the License for the specific language
                                 governing permissions and
   27                           ;* limitations under the License.
   28                           ;* 
   29                           ;*********************************************
                                **********************************/
   30                           ;
   31                           ;
   32                           ; The modules in this file are included in the
                                 libraries, and may be replaced
   33                           ; by any user-defined modules that define the
                                 PUBLIC symbol _program_start or
   34                           ; a user defined start symbol.
   35                           ; To override the cstartup defined in the
                                 library, simply add your modified
   36                           ; version to the workbench project.
   37                           ;
   38                           ; The vector table is normally located at
                                 address 0.
   39                           ; When debugging in RAM, it can be located in
                                 RAM, aligned to at least 2^6.
   40                           ; The name "__vector_table" has special
                                 meaning for C-SPY:
   41                           ; it is where the SP start value is found, and
                                 the NVIC vector
   42                           ; table register (VTOR) is initialized to this
                                 address if != 0.
   43                           ;
   44                           ; Cortex-M version
   45                           ;
   46                           
   47                                   MODULE  ?cstartup
   48                           
   49                                   ;; Forward declaration of sections.
   50                                   SECTION CSTACK:DATA:NOROOT(3)
   51                           
   52                                   SECTION .intvec:CODE:NOROOT(2)
   53                           
   54                                   EXTERN  __iar_program_start
   55                                   EXTERN  SystemInit  
   56                                   EXTERN fk_NMI_Handler
   57                                   EXTERN fk_PVD_Handler
   58                                   EXTERN fk_HardFault_Handler
   59                                   EXTERN fk_MemManage_Handler
   60                                   EXTERN fk_BusFault_Handler
   61                                   EXTERN fk_UsageFault_Handler
   62                                   EXTERN fk_SVC_Handler
   63                                   EXTERN fk_DebugMon_Handler
   64                                   EXTERN fk_PendSV_Handler
   65                                   EXTERN fk_SysTick_Handler
   66                                   EXTERN fk_EXTI0_Handler
   67                                   EXTERN fk_EXTI1_Handler
   68                                   EXTERN fk_EXTI2_Handler
   69                                   EXTERN fk_EXTI3_Handler
   70                                   EXTERN fk_EXTI4_Handler
   71                                   EXTERN fk_EXTI9_5_Handler
   72                                   EXTERN fk_EXTI15_10_Handler
   73                                   EXTERN fk_rtc_Handler
   74                                   EXTERN fk_rtc_alarm_Handler
   75                                   EXTERN fk_wwatchdog_Handler
   76                                   EXTERN fk_dma_Handler
   77                                   EXTERN fk_tim5_cc_Handler
   78                                   EXTERN fk_tim2_Handler
   79                                   EXTERN fk_tim3_Handler
   80                                   EXTERN fk_tim4_Handler
   81                                   EXTERN fk_tim9_Handler
   82                                   EXTERN fk_uart1_Handler
   83                                   EXTERN fk_uart2_Handler
   84                                   EXTERN fk_uart3_Handler
   85                                   EXTERN fk_adc1_2_Handler
   86                                   PUBLIC  __vector_table
   87                           
   88                                   DATA
   89                           __vector_table
   90    00000000 ........              DCD     sfe(CSTACK)
   91    00000004 ........              DCD     Reset_Handler             ;
  Reset Handler
   92                           
   93    00000008 ........              DCD     NMI_Handler               ; NMI
  Handler
   94    0000000C ........              DCD     HardFault_Handler         ;
  Hard Fault Handler
   95    00000010 ........              DCD     MemManage_Handler         ; MPU
  Fault Handler
   96    00000014 ........              DCD     BusFault_Handler          ; Bus
  Fault Handler
   97    00000018 ........              DCD     UsageFault_Handler        ;
  Usage Fault Handler
   98    0000001C 00000000              DCD     0                         ;
  Reserved
   99    00000020 00000000              DCD     0                         ;
  Reserved
  100    00000024 00000000              DCD     0                         ;
  Reserved
  101    00000028 00000000              DCD     0                         ;
  Reserved
  102    0000002C ........              DCD     SVC_Handler               ;
  SVCall Handler
  103    00000030 ........              DCD     DebugMon_Handler          ;
  Debug Monitor Handler
  104    00000034 00000000              DCD     0                         ;
  Reserved
  105    00000038 ........              DCD     PendSV_Handler            ;
  PendSV Handler
  106    0000003C ........              DCD     SysTick_Handler           ;
  SysTick Handler
  107                           
  108                                    ; External Interrupts
  109    00000040 ........              DCD     WWDG_IRQHandler           ;
  Window Watchdog
  110    00000044 ........              DCD     PVD_IRQHandler            ; PVD
  through EXTI Line detect
  111    00000048 ........              DCD     TAMPER_STAMP_IRQHandler   ;
  Tamper and Time Stamp
  112    0000004C ........              DCD     RTC_WKUP_IRQHandler       ; RTC
  Wakeup
  113    00000050 ........              DCD     FLASH_IRQHandler          ;
  FLASH
  114    00000054 ........              DCD     RCC_IRQHandler            ;
  RCC
  115    00000058 ........              DCD     EXTI0_IRQHandler          ;
  EXTI Line 0
  116    0000005C ........              DCD     EXTI1_IRQHandler          ;
  EXTI Line 1
  117    00000060 ........              DCD     EXTI2_IRQHandler          ;
  EXTI Line 2
  118    00000064 ........              DCD     EXTI3_IRQHandler          ;
  EXTI Line 3
  119    00000068 ........              DCD     EXTI4_IRQHandler          ;
  EXTI Line 4
  120    0000006C ........              DCD     DMA1_Channel1_IRQHandler  ;
  DMA1 Channel 1
  121    00000070 ........              DCD     DMA1_Channel2_IRQHandler  ;
  DMA1 Channel 2
  122    00000074 ........              DCD     DMA1_Channel3_IRQHandler  ;
  DMA1 Channel 3
  123    00000078 ........              DCD     DMA1_Channel4_IRQHandler  ;
  DMA1 Channel 4
  124    0000007C ........              DCD     DMA1_Channel5_IRQHandler  ;
  DMA1 Channel 5
  125    00000080 ........              DCD     DMA1_Channel6_IRQHandler  ;
  DMA1 Channel 6
  126    00000084 ........              DCD     DMA1_Channel7_IRQHandler  ;
  DMA1 Channel 7
  127    00000088 ........              DCD     ADC1_IRQHandler           ;
  ADC1
  128    0000008C ........              DCD     USB_HP_IRQHandler         ; USB
  High Priority
  129    00000090 ........              DCD     USB_LP_IRQHandler         ; USB
  Low  Priority
  130    00000094 ........              DCD     DAC_IRQHandler            ;
  DAC
  131    00000098 ........              DCD     COMP_IRQHandler           ;
  COMP through EXTI Line
  132    0000009C ........              DCD     EXTI9_5_IRQHandler        ;
  EXTI Line 9..5
  133    000000A0 ........              DCD     LCD_IRQHandler            ;
  LCD
  134    000000A4 ........              DCD     TIM9_IRQHandler           ;
  TIM9
  135    000000A8 ........              DCD     TIM10_IRQHandler          ;
  TIM10
  136    000000AC ........              DCD     TIM11_IRQHandler          ;
  TIM11
  137    000000B0 ........              DCD     TIM2_IRQHandler           ;
  TIM2
  138    000000B4 ........              DCD     TIM3_IRQHandler           ;
  TIM3
  139    000000B8 ........              DCD     TIM4_IRQHandler           ;
  TIM4
  140    000000BC ........              DCD     I2C1_EV_IRQHandler        ;
  I2C1 Event
  141    000000C0 ........              DCD     I2C1_ER_IRQHandler        ;
  I2C1 Error
  142    000000C4 ........              DCD     I2C2_EV_IRQHandler        ;
  I2C2 Event
  143    000000C8 ........              DCD     I2C2_ER_IRQHandler        ;
  I2C2 Error
  144    000000CC ........              DCD     SPI1_IRQHandler           ;
  SPI1
  145    000000D0 ........              DCD     SPI2_IRQHandler           ;
  SPI2
  146    000000D4 ........              DCD     USART1_IRQHandler         ;
  USART1
  147    000000D8 ........              DCD     USART2_IRQHandler         ;
  USART2
  148    000000DC ........              DCD     USART3_IRQHandler         ;
  USART3
  149    000000E0 ........              DCD     EXTI15_10_IRQHandler      ;
  EXTI Line 15..10
  150    000000E4 ........              DCD     RTC_Alarm_IRQHandler      ; RTC
  Alarm through EXTI Line
  151    000000E8 ........              DCD     USB_FS_WKUP_IRQHandler    ; USB
  FS Wakeup from suspend
  152    000000EC ........              DCD     TIM6_IRQHandler           ;
  TIM6
  153    000000F0 ........              DCD     TIM7_IRQHandler           ;
  TIM7
  154    000000F4 00000000              DCD     0                         ;
  Reserved
  155    000000F8 ........              DCD     TIM5_IRQHandler           ;
  TIM5                
  156    000000FC ........              DCD     SPI3_IRQHandler           ;
  SPI3
  157    00000100 ........              DCD     UART4_IRQHandler          ;
  UART4
  158    00000104 ........              DCD     UART5_IRQHandler          ;
  UART5
  159    00000108 ........              DCD     DMA2_Channel1_IRQHandler  ;
  DMA2 Channel 1
  160    0000010C ........              DCD     DMA2_Channel2_IRQHandler  ;
  DMA2 Channel 2
  161    00000110 ........              DCD     DMA2_Channel3_IRQHandler  ;
  DMA2 Channel 3
  162    00000114 ........              DCD     DMA2_Channel4_IRQHandler  ;
  DMA2 Channel 4
  163    00000118 ........              DCD     DMA2_Channel5_IRQHandler  ;
  DMA2 Channel 5
  164    0000011C ........              DCD     AES_IRQHandler            ;
  AES
  165    00000120 ........              DCD     COMP_ACQ_IRQHandler       ;
  Comparator Channel Acquisition 
  166                                   
  167                           ;;;;;;;;;;;;;;;;;;;;;;;;;;;;;;;;;;;;;;;;;;;;;;
                                ;;;;;;
  168                           ;;
  169                           ;; Default interrupt handlers.
  170                           ;;
  171                                   THUMB
  172                           
  173                                   PUBWEAK Reset_Handler
  174                                   SECTION .text:CODE:REORDER:NOROOT(2)
  175                           Reset_Handler
  176    00000000 0148                  LDR     R0, =SystemInit
  177    00000002 8047                  BLX     R0
  178    00000004 0148                  LDR     R0, =__iar_program_start
  179    00000006 0047                  BX      R0
  180                                   
  181                                   PUBWEAK NMI_Handler
  181.1                                  TABLE
  181.2  00000008 ........              Reference on line 176
  181.3  0000000C ........              Reference on line 178
  182                                   SECTION .text:CODE:REORDER:NOROOT(1)
  183                           NMI_Handler
  184    00000000 ........              B fk_NMI_Handler
  185                                   
  186                                   
  187                                   PUBWEAK HardFault_Handler
  188                                   SECTION .text:CODE:REORDER:NOROOT(1)
  189                           HardFault_Handler
  190    00000000 ........              B fk_HardFault_Handler
  191                                   
  192                                   
  193                                   PUBWEAK MemManage_Handler
  194                                   SECTION .text:CODE:REORDER:NOROOT(1)
  195                           MemManage_Handler
  196    00000000 ........              B fk_MemManage_Handler
  197                                   
  198                                           
  199                                   PUBWEAK BusFault_Handler
  200                                   SECTION .text:CODE:REORDER:NOROOT(1)
  201                           BusFault_Handler
  202    00000000 ........              B fk_BusFault_Handler
  203                                   
  204                                   
  205                                   PUBWEAK UsageFault_Handler
  206                                   SECTION .text:CODE:REORDER:NOROOT(1)
  207                           UsageFault_Handler
  208    00000000 ........              B fk_UsageFault_Handler
  209                                   
  210                                   
  211                                   PUBWEAK SVC_Handler
  212                                   SECTION .text:CODE:REORDER:NOROOT(1)
  213                           SVC_Handler
  214    00000000 ........              B fk_SVC_Handler
  215                                   
  216                                   
  217                                   PUBWEAK DebugMon_Handler
  218                                   SECTION .text:CODE:REORDER:NOROOT(1)
  219                           DebugMon_Handler
  220    00000000 ........              B fk_DebugMon_Handler
  221                                   
  222                                   
  223                                   PUBWEAK PendSV_Handler
  224                                   SECTION .text:CODE:REORDER:NOROOT(1)
  225                           PendSV_Handler
  226    00000000 ........              B fk_PendSV_Handler
  227                                   
  228                                   
  229                                   PUBWEAK SysTick_Handler
  230                                   SECTION .text:CODE:REORDER:NOROOT(1)
  231                           SysTick_Handler
  232    00000000 ........              B fk_SysTick_Handler
  233                                   
  234                                   
  235                                   PUBWEAK WWDG_IRQHandler
  236                                   SECTION .text:CODE:REORDER:NOROOT(1)
  237                           WWDG_IRQHandler
  238    00000000 ........              B fk_wwatchdog_Handler
  239                                   
  240                                   
  241                                   PUBWEAK PVD_IRQHandler
  242                                   SECTION .text:CODE:REORDER:NOROOT(1)
  243                           PVD_IRQHandler
  244    00000000 ........              B PVD_IRQHandler
  245                                   
  246                                   
  247                                   PUBWEAK TAMPER_STAMP_IRQHandler
  248                                   SECTION .text:CODE:REORDER:NOROOT(1)
  249                           TAMPER_STAMP_IRQHandler
  250    00000000 ........              B TAMPER_STAMP_IRQHandler
  251                                   
  252                                   
  253                                   PUBWEAK RTC_WKUP_IRQHandler
  254                                   SECTION .text:CODE:REORDER:NOROOT(1)
  255                           RTC_WKUP_IRQHandler
  256    00000000 ........              B fk_rtc_Handler
  257                                   
  258                                   
  259                                   PUBWEAK FLASH_IRQHandler
  260                                   SECTION .text:CODE:REORDER:NOROOT(1)
  261                           FLASH_IRQHandler
  262    00000000 ........              B FLASH_IRQHandler
  263                                   
  264                                   
  265                                   PUBWEAK RCC_IRQHandler
  266                                   SECTION .text:CODE:REORDER:NOROOT(1)
  267                           RCC_IRQHandler
  268    00000000 ........              B RCC_IRQHandler
  269                                   
  270                                   
  271                                   PUBWEAK EXTI0_IRQHandler
  272                                   SECTION .text:CODE:REORDER:NOROOT(1)
  273                           EXTI0_IRQHandler
  274    00000000 ........              B fk_EXTI0_Handler
  275                                   
  276                                   
  277                                   PUBWEAK EXTI1_IRQHandler
  278                                   SECTION .text:CODE:REORDER:NOROOT(1)
  279                           EXTI1_IRQHandler
  280    00000000 ........              B fk_EXTI1_Handler
  281                                   
  282                                   
  283                                   PUBWEAK EXTI2_IRQHandler
  284                                   SECTION .text:CODE:REORDER:NOROOT(1)
  285                           EXTI2_IRQHandler
  286    00000000 ........              B fk_EXTI2_Handler
  287                                   
  288                                   
  289                                   PUBWEAK EXTI3_IRQHandler
  290                                   SECTION .text:CODE:REORDER:NOROOT(1)
  291                           EXTI3_IRQHandler
  292    00000000 ........              B fk_EXTI3_Handler
  293                                   
  294                                   
  295                                   PUBWEAK EXTI4_IRQHandler
  296                                   SECTION .text:CODE:REORDER:NOROOT(1)
  297                           EXTI4_IRQHandler
  298    00000000 ........              B fk_EXTI4_Handler
  299                                   
  300                                   
  301                                   PUBWEAK DMA1_Channel1_IRQHandler
  302                                   SECTION .text:CODE:REORDER:NOROOT(1)
  303                           DMA1_Channel1_IRQHandler
  304    00000000 ........              B fk_dma_Handler
  305                                   
  306                                   
  307                                   PUBWEAK DMA1_Channel2_IRQHandler
  308                                   SECTION .text:CODE:REORDER:NOROOT(1)
  309                           DMA1_Channel2_IRQHandler
  310    00000000 ........              B fk_dma_Handler
  311                                   
  312                                   
  313                                   PUBWEAK DMA1_Channel3_IRQHandler
  314                                   SECTION .text:CODE:REORDER:NOROOT(1)
  315                           DMA1_Channel3_IRQHandler
  316    00000000 ........              B fk_dma_Handler
  317                                   
  318                                   
  319                                   PUBWEAK DMA1_Channel4_IRQHandler
  320                                   SECTION .text:CODE:REORDER:NOROOT(1)
  321                           DMA1_Channel4_IRQHandler
  322    00000000 ........              B fk_dma_Handler
  323                                   
  324                                   
  325                                   PUBWEAK DMA1_Channel5_IRQHandler
  326                                   SECTION .text:CODE:REORDER:NOROOT(1)
  327                           DMA1_Channel5_IRQHandler
  328    00000000 ........              B fk_dma_Handler
  329                                   
  330                                   
  331                                   PUBWEAK DMA1_Channel6_IRQHandler
  332                                   SECTION .text:CODE:REORDER:NOROOT(1)
  333                           DMA1_Channel6_IRQHandler
  334    00000000 ........              B fk_dma_Handler
  335                                   
  336                                   
  337                                   PUBWEAK DMA1_Channel7_IRQHandler
  338                                   SECTION .text:CODE:REORDER:NOROOT(1)
  339                           DMA1_Channel7_IRQHandler
  340    00000000 ........              B fk_dma_Handler
  341                                   
  342                                   
  343                                   PUBWEAK ADC1_IRQHandler
  344                                   SECTION .text:CODE:REORDER:NOROOT(1)
  345                           ADC1_IRQHandler
  346    00000000 ........              B fk_adc1_2_Handler
  347                                   
  348                                   
  349                                   PUBWEAK USB_HP_IRQHandler
  350                                   SECTION .text:CODE:REORDER:NOROOT(1)
  351                           USB_HP_IRQHandler
  352    00000000 ........              B USB_HP_IRQHandler
  353                                   
  354                                   
  355                                   PUBWEAK USB_LP_IRQHandler
  356                                   SECTION .text:CODE:REORDER:NOROOT(1)
  357                           USB_LP_IRQHandler
  358    00000000 ........              B USB_LP_IRQHandler
  359                                   
  360                                   
  361                                   PUBWEAK DAC_IRQHandler
  362                                   SECTION .text:CODE:REORDER:NOROOT(1)
  363                           DAC_IRQHandler
  364    00000000 ........              B DAC_IRQHandler
  365                                   
  366                                   
  367                                   PUBWEAK COMP_IRQHandler
  368                                   SECTION .text:CODE:REORDER:NOROOT(1)
  369                           COMP_IRQHandler
  370    00000000 ........              B COMP_IRQHandler
  371                                   
  372                                   
  373                                   PUBWEAK EXTI9_5_IRQHandler
  374                                   SECTION .text:CODE:REORDER:NOROOT(1)
  375                           EXTI9_5_IRQHandler
  376    00000000 ........              B fk_EXTI9_5_Handler
  377                                   
  378                                   
  379                                   PUBWEAK LCD_IRQHandler
  380                                   SECTION .text:CODE:REORDER:NOROOT(1)
  381                           LCD_IRQHandler
  382    00000000 ........              B LCD_IRQHandler
  383                                   
  384                                   
  385                                   PUBWEAK TIM9_IRQHandler
  386                                   SECTION .text:CODE:REORDER:NOROOT(1)
  387                           TIM9_IRQHandler
  388    00000000 ........              B fk_tim9_Handler
  389                                   
  390                                   
  391                                   PUBWEAK TIM10_IRQHandler
  392                                   SECTION .text:CODE:REORDER:NOROOT(1)
  393                           TIM10_IRQHandler
  394    00000000 ........              B TIM10_IRQHandler
  395                                   
  396                                   
  397                                   PUBWEAK TIM11_IRQHandler
  398                                   SECTION .text:CODE:REORDER:NOROOT(1)
  399                           TIM11_IRQHandler
  400    00000000 ........              B TIM11_IRQHandler
  401                                   
  402                                   
  403                                   PUBWEAK TIM2_IRQHandler
  404                                   SECTION .text:CODE:REORDER:NOROOT(1)
  405                           TIM2_IRQHandler
  406    00000000 ........              B fk_tim2_Handler
  407                                   
  408                                   
  409                                   PUBWEAK TIM3_IRQHandler
  410                                   SECTION .text:CODE:REORDER:NOROOT(1)
  411                           TIM3_IRQHandler
  412    00000000 ........              B fk_tim3_Handler
  413                                   
  414                                   
  415                                   PUBWEAK TIM4_IRQHandler
  416                                   SECTION .text:CODE:REORDER:NOROOT(1)
  417                           TIM4_IRQHandler
  418    00000000 ........              B fk_tim4_Handler
  419                                   
  420                                   
  421                                   PUBWEAK I2C1_EV_IRQHandler
  422                                   SECTION .text:CODE:REORDER:NOROOT(1)
  423                           I2C1_EV_IRQHandler
  424    00000000 ........              B I2C1_EV_IRQHandler
  425                                   
  426                                   
  427                                   PUBWEAK I2C1_ER_IRQHandler
  428                                   SECTION .text:CODE:REORDER:NOROOT(1)
  429                           I2C1_ER_IRQHandler
  430    00000000 ........              B I2C1_ER_IRQHandler
  431                                   
  432                                   
  433                                   PUBWEAK I2C2_EV_IRQHandler
  434                                   SECTION .text:CODE:REORDER:NOROOT(1)
  435                           I2C2_EV_IRQHandler
  436    00000000 ........              B I2C2_EV_IRQHandler
  437                                   
  438                                   
  439                                   PUBWEAK I2C2_ER_IRQHandler
  440                                   SECTION .text:CODE:REORDER:NOROOT(1)
  441                           I2C2_ER_IRQHandler
  442    00000000 ........              B I2C2_ER_IRQHandler
  443                                   
  444                                   
  445                                   PUBWEAK SPI1_IRQHandler
  446                                   SECTION .text:CODE:REORDER:NOROOT(1)
  447                           SPI1_IRQHandler
  448    00000000 ........              B SPI1_IRQHandler
  449                                   
  450                                   
  451                                   PUBWEAK SPI2_IRQHandler
  452                                   SECTION .text:CODE:REORDER:NOROOT(1)
  453                           SPI2_IRQHandler
  454    00000000 ........              B SPI2_IRQHandler
  455                                   
  456                                   
  457                                   PUBWEAK USART1_IRQHandler
  458                                   SECTION .text:CODE:REORDER:NOROOT(1)
  459                           USART1_IRQHandler
  460    00000000 ........              B fk_uart1_Handler
  461                                   
  462                                   
  463                                   PUBWEAK USART2_IRQHandler
  464                                   SECTION .text:CODE:REORDER:NOROOT(1)
  465                           USART2_IRQHandler
  466    00000000 ........              B fk_uart2_Handler
  467                                   
  468                                   
  469                                   PUBWEAK USART3_IRQHandler
  470                                   SECTION .text:CODE:REORDER:NOROOT(1)
  471                           USART3_IRQHandler
  472    00000000 ........              B fk_uart3_Handler
  473                                   
  474                                   
  475                                   PUBWEAK EXTI15_10_IRQHandler
  476                                   SECTION .text:CODE:REORDER:NOROOT(1)
  477                           EXTI15_10_IRQHandler
  478    00000000 ........              B fk_EXTI15_10_Handler
  479                                   
  480                                   
  481                                   PUBWEAK RTC_Alarm_IRQHandler
  482                                   SECTION .text:CODE:REORDER:NOROOT(1)
  483                           RTC_Alarm_IRQHandler
  484    00000000 ........              B fk_rtc_alarm_Handler
  485                                   
  486                                   
  487                                   PUBWEAK USB_FS_WKUP_IRQHandler
  488                                   SECTION .text:CODE:REORDER:NOROOT(1)
  489                           USB_FS_WKUP_IRQHandler
  490    00000000 ........              B USB_FS_WKUP_IRQHandler
  491                                   
  492                           
  493                                   PUBWEAK TIM6_IRQHandler
  494                                   SECTION .text:CODE:REORDER:NOROOT(1)
  495                           TIM6_IRQHandler
  496    00000000 ........              B TIM6_IRQHandler
  497                                   
  498                           
  499                                   PUBWEAK TIM7_IRQHandler
  500                                   SECTION .text:CODE:REORDER:NOROOT(1)
  501                           TIM7_IRQHandler
  502    00000000 ........              B TIM7_IRQHandler
  503                           
  504                                   PUBWEAK TIM5_IRQHandler
  505                                   SECTION .text:CODE:REORDER:NOROOT(1)
  506                           TIM5_IRQHandler
  507    00000000 ........              B fk_tim5_cc_Handler
  508                           
  509                                   PUBWEAK SPI3_IRQHandler
  510                                   SECTION .text:CODE:REORDER:NOROOT(1)
  511                           SPI3_IRQHandler
  512    00000000 ........              B SPI3_IRQHandler
  513                                   
  514                                   
  515                                   PUBWEAK UART4_IRQHandler
  516                                   SECTION .text:CODE:REORDER:NOROOT(1)
  517                           UART4_IRQHandler
  518    00000000 ........              B UART4_IRQHandler
  519                                   
  520                                   
  521                                   PUBWEAK UART5_IRQHandler
  522                                   SECTION .text:CODE:REORDER:NOROOT(1)
  523                           UART5_IRQHandler
  524    00000000 ........              B UART5_IRQHandler
  525                           
  526                                   PUBWEAK DMA2_Channel1_IRQHandler
  527                                   SECTION .text:CODE:REORDER:NOROOT(1)
  528                           DMA2_Channel1_IRQHandler
  529    00000000 ........              B fk_dma_Handler
  530                                   
  531                                   
  532                                   PUBWEAK DMA2_Channel2_IRQHandler
  533                                   SECTION .text:CODE:REORDER:NOROOT(1)
  534                           DMA2_Channel2_IRQHandler
  535    00000000 ........              B fk_dma_Handler
  536                                   
  537                                   
  538                                   PUBWEAK DMA2_Channel3_IRQHandler
  539                                   SECTION .text:CODE:REORDER:NOROOT(1)
  540                           DMA2_Channel3_IRQHandler
  541    00000000 ........              B fk_dma_Handler
  542                                   
  543                                   
  544                                   PUBWEAK DMA2_Channel4_IRQHandler
  545                                   SECTION .text:CODE:REORDER:NOROOT(1)
  546                           DMA2_Channel4_IRQHandler
  547    00000000 ........              B fk_dma_Handler
  548                                   
  549                                   
  550                                   PUBWEAK DMA2_Channel5_IRQHandler
  551                                   SECTION .text:CODE:REORDER:NOROOT(1)
  552                           DMA2_Channel5_IRQHandler
  553    00000000 ........              B fk_dma_Handler
  554                           
  555                           
  556                                   PUBWEAK AES_IRQHandler
  557                                   SECTION .text:CODE:REORDER:NOROOT(1)
  558                           AES_IRQHandler
  559    00000000 ........              B AES_IRQHandler
  560                                   
  561                           
  562                                   PUBWEAK COMP_ACQ_IRQHandler
  563                                   SECTION .text:CODE:REORDER:NOROOT(1)
  564                           COMP_ACQ_IRQHandler
  565    00000000 ........              B COMP_ACQ_IRQHandler               
                                           
  566                                           
  567                                   END
##############################
#           CRC:0            #
#        Errors:   0         #
#        Warnings: 0         #
#         Bytes: 568         #
##############################



